CRITICAL - 2021-07-19 13:45:11 --> Creating default object from empty value
#0 W:\iSell\www\ci4\app\Controllers\Hub.php(40): CodeIgniter\Debug\Exceptions->errorHandler(2, 'Creating defaul...', 'W:\\iSell\\www\\ci...', 40, Array)
#1 W:\iSell\www\ci4\app\Controllers\Hub.php(18): App\Controllers\Hub->execute('App\\Models\\favi...', 'favicon.png', '')
#2 W:\iSell\www\ci4\system\CodeIgniter.php(914): App\Controllers\Hub->on()
#3 W:\iSell\www\ci4\system\CodeIgniter.php(950): CodeIgniter\CodeIgniter->runController(Object(App\Controllers\Hub))
#4 W:\iSell\www\ci4\system\CodeIgniter.php(324): CodeIgniter\CodeIgniter->display404errors(Object(CodeIgniter\Exceptions\PageNotFoundException))
#5 W:\iSell\www\ci4\public\index.php(44): CodeIgniter\CodeIgniter->run()
#6 {main}
CRITICAL - 2021-07-19 13:49:45 --> Class 'App\Controllers\Exception' not found
#0 W:\iSell\www\ci4\app\Controllers\Hub.php(18): App\Controllers\Hub->execute('App\\Models\\favi...', 'favicon.png', '')
#1 W:\iSell\www\ci4\system\CodeIgniter.php(914): App\Controllers\Hub->on()
#2 W:\iSell\www\ci4\system\CodeIgniter.php(950): CodeIgniter\CodeIgniter->runController(Object(App\Controllers\Hub))
#3 W:\iSell\www\ci4\system\CodeIgniter.php(324): CodeIgniter\CodeIgniter->display404errors(Object(CodeIgniter\Exceptions\PageNotFoundException))
#4 W:\iSell\www\ci4\public\index.php(44): CodeIgniter\CodeIgniter->run()
#5 {main}
CRITICAL - 2021-07-19 13:49:47 --> Class 'App\Controllers\Exception' not found
#0 W:\iSell\www\ci4\app\Controllers\Hub.php(18): App\Controllers\Hub->execute('App\\Models\\favi...', 'favicon.png', '')
#1 W:\iSell\www\ci4\system\CodeIgniter.php(914): App\Controllers\Hub->on()
#2 W:\iSell\www\ci4\system\CodeIgniter.php(950): CodeIgniter\CodeIgniter->runController(Object(App\Controllers\Hub))
#3 W:\iSell\www\ci4\system\CodeIgniter.php(324): CodeIgniter\CodeIgniter->display404errors(Object(CodeIgniter\Exceptions\PageNotFoundException))
#4 W:\iSell\www\ci4\public\index.php(44): CodeIgniter\CodeIgniter->run()
#5 {main}
CRITICAL - 2021-07-19 13:50:14 --> Model is not found
#0 W:\iSell\www\ci4\app\Controllers\Hub.php(18): App\Controllers\Hub->execute('App\\Models\\favi...', 'favicon.png', '')
#1 W:\iSell\www\ci4\system\CodeIgniter.php(914): App\Controllers\Hub->on()
#2 W:\iSell\www\ci4\system\CodeIgniter.php(950): CodeIgniter\CodeIgniter->runController(Object(App\Controllers\Hub))
#3 W:\iSell\www\ci4\system\CodeIgniter.php(324): CodeIgniter\CodeIgniter->display404errors(Object(CodeIgniter\Exceptions\PageNotFoundException))
#4 W:\iSell\www\ci4\public\index.php(44): CodeIgniter\CodeIgniter->run()
#5 {main}
