CRITICAL - 2021-03-08 12:15:33 --> Use of undefined constant BAY_STORAGE - assumed 'BAY_STORAGE' (this will throw an Error in a future version of PHP)
#0 W:\iSell\www\ci4\system\Database\ModelFactory.php(76): CodeIgniter\Debug\Exceptions->errorHandler(2, 'Use of undefine...', 'W:\\iSell\\www\\ci...', 76, Array)
#1 W:\iSell\www\ci4\system\Database\ModelFactory.php(40): CodeIgniter\Database\ModelFactory::createClass('PluginManager', NULL)
#2 W:\iSell\www\ci4\system\Common.php(742): CodeIgniter\Database\ModelFactory::get('PluginManager', true, NULL)
#3 W:\iSell\www\ci4\app\Controllers\BaseController.php(68): model('PluginManager')
#4 W:\iSell\www\ci4\app\Models\User.php(132): App\Controllers\BaseController->load_model('PluginManager')
#5 W:\iSell\www\ci4\app\Models\User.php(13): User->initLoggedUser(Object(stdClass))
#6 W:\iSell\www\ci4\app\Controllers\User.php(27): User->SignIn('baycik', '9kx4')
#7 W:\iSell\www\ci4\system\CodeIgniter.php(914): App\Controllers\User->login()
#8 W:\iSell\www\ci4\system\CodeIgniter.php(400): CodeIgniter\CodeIgniter->runController(Object(App\Controllers\User))
#9 W:\iSell\www\ci4\system\CodeIgniter.php(308): CodeIgniter\CodeIgniter->handleRequest(NULL, Object(Config\Cache), false)
#10 W:\iSell\www\ci4\public\index.php(44): CodeIgniter\CodeIgniter->run()
#11 {main}
CRITICAL - 2021-03-08 12:35:49 --> Use of undefined constant BAY_STORAGE - assumed 'BAY_STORAGE' (this will throw an Error in a future version of PHP)
#0 W:\iSell\www\ci4\system\Database\ModelFactory.php(76): CodeIgniter\Debug\Exceptions->errorHandler(2, 'Use of undefine...', 'W:\\iSell\\www\\ci...', 76, Array)
#1 W:\iSell\www\ci4\system\Database\ModelFactory.php(40): CodeIgniter\Database\ModelFactory::createClass('PluginManager', NULL)
#2 W:\iSell\www\ci4\system\Common.php(742): CodeIgniter\Database\ModelFactory::get('PluginManager', true, NULL)
#3 W:\iSell\www\ci4\app\Controllers\BaseController.php(68): model('PluginManager')
#4 W:\iSell\www\ci4\app\Models\User.php(132): App\Controllers\BaseController->load_model('PluginManager')
#5 W:\iSell\www\ci4\app\Models\User.php(13): User->initLoggedUser(Object(stdClass))
#6 W:\iSell\www\ci4\app\Controllers\User.php(27): User->SignIn('baycik', '9kx4')
#7 W:\iSell\www\ci4\system\CodeIgniter.php(914): App\Controllers\User->login()
#8 W:\iSell\www\ci4\system\CodeIgniter.php(400): CodeIgniter\CodeIgniter->runController(Object(App\Controllers\User))
#9 W:\iSell\www\ci4\system\CodeIgniter.php(308): CodeIgniter\CodeIgniter->handleRequest(NULL, Object(Config\Cache), false)
#10 W:\iSell\www\ci4\public\index.php(44): CodeIgniter\CodeIgniter->run()
#11 {main}
CRITICAL - 2021-03-08 12:37:12 --> Use of undefined constant BAY_STORAGE - assumed 'BAY_STORAGE' (this will throw an Error in a future version of PHP)
#0 W:\iSell\www\ci4\system\Database\ModelFactory.php(76): CodeIgniter\Debug\Exceptions->errorHandler(2, 'Use of undefine...', 'W:\\iSell\\www\\ci...', 76, Array)
#1 W:\iSell\www\ci4\system\Database\ModelFactory.php(40): CodeIgniter\Database\ModelFactory::createClass('PluginManager', NULL)
#2 W:\iSell\www\ci4\system\Common.php(742): CodeIgniter\Database\ModelFactory::get('PluginManager', true, NULL)
#3 W:\iSell\www\ci4\app\Controllers\BaseController.php(68): model('PluginManager')
#4 W:\iSell\www\ci4\app\Models\User.php(132): App\Controllers\BaseController->load_model('PluginManager')
#5 W:\iSell\www\ci4\app\Models\User.php(13): User->initLoggedUser(Object(stdClass))
#6 W:\iSell\www\ci4\app\Controllers\User.php(27): User->SignIn('baycik', '9kx4', 'get_user_data')
#7 W:\iSell\www\ci4\system\CodeIgniter.php(914): App\Controllers\User->login()
#8 W:\iSell\www\ci4\system\CodeIgniter.php(400): CodeIgniter\CodeIgniter->runController(Object(App\Controllers\User))
#9 W:\iSell\www\ci4\system\CodeIgniter.php(308): CodeIgniter\CodeIgniter->handleRequest(NULL, Object(Config\Cache), false)
#10 W:\iSell\www\ci4\public\index.php(44): CodeIgniter\CodeIgniter->run()
#11 {main}
CRITICAL - 2021-03-08 12:45:49 --> Call to undefined method CodeIgniter\Database\MySQLi\Result::result()
#0 W:\iSell\www\ci4\app\Models\User.php(133): PluginManager->pluginInitTriggers()
#1 W:\iSell\www\ci4\app\Models\User.php(13): User->initLoggedUser(Object(stdClass))
#2 W:\iSell\www\ci4\app\Controllers\User.php(27): User->SignIn('baycik', '9kx4', 'get_user_data')
#3 W:\iSell\www\ci4\system\CodeIgniter.php(914): App\Controllers\User->login()
#4 W:\iSell\www\ci4\system\CodeIgniter.php(400): CodeIgniter\CodeIgniter->runController(Object(App\Controllers\User))
#5 W:\iSell\www\ci4\system\CodeIgniter.php(308): CodeIgniter\CodeIgniter->handleRequest(NULL, Object(Config\Cache), false)
#6 W:\iSell\www\ci4\public\index.php(44): CodeIgniter\CodeIgniter->run()
#7 {main}
CRITICAL - 2021-03-08 12:49:42 --> Call to undefined method CodeIgniter\Database\MySQLi\Result::result()
#0 W:\iSell\www\ci4\app\Models\PluginManager.php(166): Catalog->get_list('SELECT \r\n\t\tplug...')
#1 W:\iSell\www\ci4\app\Models\User.php(133): PluginManager->pluginInitTriggers()
#2 W:\iSell\www\ci4\app\Models\User.php(13): User->initLoggedUser(Object(stdClass))
#3 W:\iSell\www\ci4\app\Controllers\User.php(27): User->SignIn('baycik', '9kx4', 'get_user_data')
#4 W:\iSell\www\ci4\system\CodeIgniter.php(914): App\Controllers\User->login()
#5 W:\iSell\www\ci4\system\CodeIgniter.php(400): CodeIgniter\CodeIgniter->runController(Object(App\Controllers\User))
#6 W:\iSell\www\ci4\system\CodeIgniter.php(308): CodeIgniter\CodeIgniter->handleRequest(NULL, Object(Config\Cache), false)
#7 W:\iSell\www\ci4\public\index.php(44): CodeIgniter\CodeIgniter->run()
#8 {main}
